\BOOKMARK [0][-]{chapter.1}{\376\377\000I\000n\000t\000r\000o\000d\000u\000c\000c\000i\000\363\000n}{}% 1
\BOOKMARK [0][-]{chapter.2}{\376\377\000I\000n\000s\000t\000a\000l\000a\000c\000i\000\363\000n}{}% 2
\BOOKMARK [1][-]{section.2.1}{\376\377\000I\000n\000s\000t\000a\000l\000a\000c\000i\000\363\000n\000\040\000C\000o\000n\000T\000e\000x\000t\000o}{chapter.2}% 3
\BOOKMARK [1][-]{section.2.2}{\376\377\000I\000n\000s\000t\000a\000l\000a\000c\000i\000\363\000n\000\040\000d\000e\000\040\000P\000o\000p\000p\000l\000e\000r\000\040\000y\000\040\000T\000e\000s\000s\000e\000r\000a\000c\000t}{chapter.2}% 4
\BOOKMARK [0][-]{chapter.3}{\376\377\000E\000j\000e\000m\000p\000l\000o\000s}{}% 5
\BOOKMARK [1][-]{section.3.1}{\376\377\000E\000j\000e\000m\000p\000l\000o\000s\000\040\000-\000\040\000l\000e\000n\000g\000u\000a\000j\000e\000s}{chapter.3}% 6
\BOOKMARK [1][-]{section.3.2}{\376\377\000E\000j\000e\000m\000p\000l\000o\000s\000\040\000-\000\040\000e\000x\000p\000l\000o\000r\000a\000c\000i\000\363\000n}{chapter.3}% 7
\BOOKMARK [0][-]{chapter.4}{\376\377\000P\000e\000n\000d\000i\000e\000n\000t\000e\000s\000\040\000-\000\040\000B\000O\000R\000R\000A\000R}{}% 8
\BOOKMARK [1][-]{section.4.1}{\376\377\000E\000j\000e\000m\000p\000l\000o\000\040\000n\000i\000v\000e\000l\000e\000s\000\040\000-\000\040\000n\000i\000v\000e\000l\000\040\0001}{chapter.4}% 9
\BOOKMARK [1][-]{section.4.2}{\376\377\000N\000o\000t\000a\000s}{chapter.4}% 10
\BOOKMARK [0][-]{chapter.5}{\376\377\000C\000o\000m\000p\000a\000r\000a\000c\000i\000\363\000n}{}% 11
\BOOKMARK [0][-]{chapter.6}{\376\377\000C\000o\000r\000r\000e\000c\000c\000i\000\363\000n}{}% 12
\BOOKMARK [0][-]{chapter.7}{\376\377\000E\000s\000c\000r\000i\000t\000u\000r\000a}{}% 13
\BOOKMARK [0][-]{chapter.8}{\376\377\000E\000x\000p\000l\000o\000r\000a\000c\000i\000\363\000n}{}% 14
\BOOKMARK [0][-]{chapter.9}{\376\377\000L\000e\000c\000t\000u\000r\000a}{}% 15
\BOOKMARK [0][-]{chapter.10}{\376\377\000L\000e\000m\000a\000t\000i\000z\000a\000c\000i\000\363\000n}{}% 16
\BOOKMARK [0][-]{chapter.11}{\376\377\000L\000e\000n\000g\000u\000a\000j\000e\000s}{}% 17
\BOOKMARK [0][-]{chapter.12}{\376\377\000L\000i\000m\000p\000i\000e\000z\000a}{}% 18
\BOOKMARK [0][-]{chapter.13}{\376\377\000S\000t\000e\000m\000m\000i\000n\000g}{}% 19
\BOOKMARK [0][-]{chapter.14}{\376\377\000V\000e\000c\000t\000o\000r\000i\000z\000a\000c\000i\000\363\000n}{}% 20
\BOOKMARK [0][-]{chapter.15}{\376\377\000U\000t\000i\000l\000s}{}% 21
\BOOKMARK [1][-]{section.15.1}{\376\377\000A\000u\000x\000i\000l\000i\000a\000r\000e\000s}{chapter.15}% 22
\BOOKMARK [1][-]{section.15.2}{\376\377\000T\000o\000k\000e\000n\000i\000z\000a\000c\000i\000o\000n}{chapter.15}% 23
\BOOKMARK [0][-]{section*.125}{\376\377\000\315\000n\000d\000i\000c\000e\000\040\000d\000e\000\040\000M\000\363\000d\000u\000l\000o\000s\000\040\000P\000y\000t\000h\000o\000n}{}% 24
